
PROG04	Fri May 16 17:42:17 2025
	Shutting down the server with 1 active connection(s) to 1 database(s), 0 active service(s)


PROG04	Fri May 16 17:45:06 2025
	Shutting down the server with 1 active connection(s) to 1 database(s), 0 active service(s)


PROG04	Mon May 19 14:30:50 2025
	Shutting down the server with 1 active connection(s) to 1 database(s), 0 active service(s)


PROG04	Mon May 19 16:06:43 2025
	Shutting down the server with 1 active connection(s) to 1 database(s), 0 active service(s)


PROG04	Mon May 19 17:07:01 2025
	Shutting down the server with 1 active connection(s) to 1 database(s), 0 active service(s)


PROG04	Mon May 19 17:09:29 2025
	Shutting down the server with 1 active connection(s) to 1 database(s), 0 active service(s)


PROG04	Mon May 19 17:18:11 2025
	Shutting down the server with 1 active connection(s) to 1 database(s), 0 active service(s)


PROG04	Mon May 19 17:43:52 2025
	Shutting down the server with 1 active connection(s) to 1 database(s), 0 active service(s)


PROG04	Tue May 20 16:54:12 2025
	Shutting down the server with 1 active connection(s) to 1 database(s), 0 active service(s)


PROG04	Tue May 20 16:56:45 2025
	Shutting down the server with 1 active connection(s) to 1 database(s), 0 active service(s)


PROG04	Wed May 21 13:38:46 2025
	Shutting down the server with 1 active connection(s) to 1 database(s), 0 active service(s)


PROG04	Wed May 21 15:29:51 2025
	Shutting down the server with 1 active connection(s) to 1 database(s), 0 active service(s)


PROG04	Wed May 21 17:28:12 2025
	Shutting down the server with 1 active connection(s) to 1 database(s), 0 active service(s)


PROG04	Wed May 21 17:29:51 2025
	Shutting down the server with 1 active connection(s) to 1 database(s), 0 active service(s)


PROG04	Thu May 22 12:48:42 2025
	Shutting down the server with 1 active connection(s) to 1 database(s), 0 active service(s)


PROG04	Thu May 22 15:46:12 2025
	Shutting down the server with 1 active connection(s) to 1 database(s), 0 active service(s)


PROG04	Mon May 26 14:22:20 2025
	Shutting down the server with 1 active connection(s) to 1 database(s), 0 active service(s)


PROG04	Mon May 26 14:23:39 2025
	Shutting down the server with 1 active connection(s) to 1 database(s), 0 active service(s)


PROG04	Mon May 26 14:25:17 2025
	Shutting down the server with 1 active connection(s) to 1 database(s), 0 active service(s)


PROG04	Mon May 26 14:25:30 2025
	Shutting down the server with 1 active connection(s) to 1 database(s), 0 active service(s)


PROG04	Mon May 26 14:26:32 2025
	Shutting down the server with 1 active connection(s) to 1 database(s), 0 active service(s)


PROG04	Mon May 26 14:26:44 2025
	Shutting down the server with 1 active connection(s) to 1 database(s), 0 active service(s)


PROG04	Mon May 26 15:02:59 2025
	Shutting down the server with 1 active connection(s) to 1 database(s), 0 active service(s)


PROG04	Mon May 26 15:04:19 2025
	Shutting down the server with 1 active connection(s) to 1 database(s), 0 active service(s)


PROG04	Mon May 26 15:05:26 2025
	Shutting down the server with 1 active connection(s) to 1 database(s), 0 active service(s)


PROG04	Mon May 26 15:08:16 2025
	Shutting down the server with 1 active connection(s) to 1 database(s), 0 active service(s)


PROG04	Mon May 26 15:10:18 2025
	Shutting down the server with 1 active connection(s) to 1 database(s), 0 active service(s)


PROG04	Mon May 26 15:12:01 2025
	Shutting down the server with 1 active connection(s) to 1 database(s), 0 active service(s)


PROG04	Mon May 26 15:12:51 2025
	Shutting down the server with 1 active connection(s) to 1 database(s), 0 active service(s)


PROG04	Mon May 26 15:37:13 2025
	Shutting down the server with 1 active connection(s) to 1 database(s), 0 active service(s)


PROG04	Mon May 26 15:55:04 2025
	Shutting down the server with 1 active connection(s) to 1 database(s), 0 active service(s)


PROG04	Mon May 26 16:00:44 2025
	Shutting down the server with 1 active connection(s) to 1 database(s), 0 active service(s)


PROG04	Mon May 26 16:18:30 2025
	Shutting down the server with 1 active connection(s) to 1 database(s), 0 active service(s)


PROG04	Mon May 26 16:22:39 2025
	Shutting down the server with 1 active connection(s) to 1 database(s), 0 active service(s)


PROG04	Mon May 26 16:22:47 2025
	Shutting down the server with 1 active connection(s) to 1 database(s), 0 active service(s)


PROG04	Mon May 26 16:22:55 2025
	Shutting down the server with 1 active connection(s) to 1 database(s), 0 active service(s)


PROG04	Mon May 26 16:23:03 2025
	Shutting down the server with 1 active connection(s) to 1 database(s), 0 active service(s)


PROG04	Mon May 26 16:23:11 2025
	Shutting down the server with 1 active connection(s) to 1 database(s), 0 active service(s)


PROG04	Mon May 26 16:23:40 2025
	Shutting down the server with 1 active connection(s) to 1 database(s), 0 active service(s)


PROG04	Mon May 26 16:24:39 2025
	Shutting down the server with 1 active connection(s) to 1 database(s), 0 active service(s)


PROG04	Mon May 26 16:24:47 2025
	Shutting down the server with 1 active connection(s) to 1 database(s), 0 active service(s)


PROG04	Mon May 26 16:24:55 2025
	Shutting down the server with 1 active connection(s) to 1 database(s), 0 active service(s)


PROG04	Mon May 26 16:28:26 2025
	Shutting down the server with 1 active connection(s) to 1 database(s), 0 active service(s)


PROG04	Mon May 26 16:39:02 2025
	Shutting down the server with 1 active connection(s) to 1 database(s), 0 active service(s)


PROG04	Mon May 26 16:39:10 2025
	Shutting down the server with 1 active connection(s) to 1 database(s), 0 active service(s)


PROG04	Mon May 26 16:39:18 2025
	Shutting down the server with 1 active connection(s) to 1 database(s), 0 active service(s)


PROG04	Mon May 26 16:40:52 2025
	Shutting down the server with 1 active connection(s) to 1 database(s), 0 active service(s)


PROG04	Mon May 26 16:41:53 2025
	Shutting down the server with 1 active connection(s) to 1 database(s), 0 active service(s)


PROG04	Mon May 26 16:42:41 2025
	Shutting down the server with 1 active connection(s) to 1 database(s), 0 active service(s)


PROG04	Mon May 26 16:43:47 2025
	Shutting down the server with 1 active connection(s) to 1 database(s), 0 active service(s)


PROG04	Mon May 26 16:44:07 2025
	Shutting down the server with 1 active connection(s) to 1 database(s), 0 active service(s)


PROG04	Mon May 26 16:47:49 2025
	Shutting down the server with 1 active connection(s) to 1 database(s), 0 active service(s)


PROG04	Mon May 26 16:58:34 2025
	Shutting down the server with 1 active connection(s) to 1 database(s), 0 active service(s)


PROG04	Fri May 30 13:54:57 2025
	Shutting down the server with 1 active connection(s) to 1 database(s), 0 active service(s)


PROG04	Fri May 30 15:52:15 2025
	Shutting down the server with 1 active connection(s) to 1 database(s), 0 active service(s)


PROG04	Fri May 30 16:18:37 2025
	Shutting down the server with 1 active connection(s) to 1 database(s), 0 active service(s)


PROG04	Fri May 30 17:01:47 2025
	Shutting down the server with 1 active connection(s) to 1 database(s), 0 active service(s)


PROG04	Fri May 30 17:10:04 2025
	Shutting down the server with 1 active connection(s) to 1 database(s), 0 active service(s)


PROG04	Mon Jun 02 16:39:12 2025
	Shutting down the server with 1 active connection(s) to 1 database(s), 0 active service(s)


PROG04	Mon Jun 02 17:18:40 2025
	Shutting down the server with 1 active connection(s) to 1 database(s), 0 active service(s)


PROG04	Tue Jun 03 13:15:30 2025
	Shutting down the server with 1 active connection(s) to 1 database(s), 0 active service(s)


PROG04	Tue Jun 03 13:19:37 2025
	Shutting down the server with 1 active connection(s) to 1 database(s), 0 active service(s)


PROG04	Tue Jun 03 13:29:53 2025
	Shutting down the server with 1 active connection(s) to 1 database(s), 0 active service(s)


PROG04	Tue Jun 03 16:16:11 2025
	Shutting down the server with 1 active connection(s) to 1 database(s), 0 active service(s)


PROG04	Tue Jun 03 17:09:56 2025
	Shutting down the server with 1 active connection(s) to 1 database(s), 0 active service(s)


PROG04	Tue Jun 03 17:32:37 2025
	Shutting down the server with 1 active connection(s) to 1 database(s), 0 active service(s)


PROG04	Tue Jun 03 17:38:33 2025
	Shutting down the server with 1 active connection(s) to 1 database(s), 0 active service(s)


PROG04	Tue Jun 03 17:39:28 2025
	Shutting down the server with 1 active connection(s) to 1 database(s), 0 active service(s)


PROG04	Tue Jun 03 17:42:39 2025
	Shutting down the server with 1 active connection(s) to 1 database(s), 0 active service(s)


PROG04	Wed Jun 04 13:23:15 2025
	Shutting down the server with 1 active connection(s) to 1 database(s), 0 active service(s)


PROG04	Wed Jun 04 13:32:34 2025
	Shutting down the server with 1 active connection(s) to 1 database(s), 0 active service(s)


PROG04	Wed Jun 04 14:02:15 2025
	Shutting down the server with 1 active connection(s) to 1 database(s), 0 active service(s)


PROG04	Wed Jun 04 14:22:21 2025
	Shutting down the server with 1 active connection(s) to 1 database(s), 0 active service(s)


PROG04	Wed Jun 04 14:23:59 2025
	Shutting down the server with 1 active connection(s) to 1 database(s), 0 active service(s)


PROG04	Wed Jun 04 15:45:41 2025
	Shutting down the server with 1 active connection(s) to 1 database(s), 0 active service(s)


PROG04	Wed Jun 04 15:57:04 2025
	Shutting down the server with 1 active connection(s) to 1 database(s), 0 active service(s)


PROG04	Wed Jun 04 16:04:54 2025
	Shutting down the server with 1 active connection(s) to 1 database(s), 0 active service(s)


PROG04	Wed Jun 04 16:25:42 2025
	Shutting down the server with 1 active connection(s) to 1 database(s), 0 active service(s)


PROG04	Wed Jun 04 16:43:12 2025
	Shutting down the server with 1 active connection(s) to 1 database(s), 0 active service(s)


PROG04	Wed Jun 04 17:02:01 2025
	Shutting down the server with 1 active connection(s) to 1 database(s), 0 active service(s)


PROG04	Wed Jun 04 17:08:36 2025
	Shutting down the server with 1 active connection(s) to 1 database(s), 0 active service(s)


PROG04	Thu Jun 05 16:59:18 2025
	Shutting down the server with 1 active connection(s) to 1 database(s), 0 active service(s)


PROG04	Fri Jun 06 12:49:35 2025
	Shutting down the server with 1 active connection(s) to 1 database(s), 0 active service(s)


PROG04	Fri Jun 06 12:50:51 2025
	Shutting down the server with 1 active connection(s) to 1 database(s), 0 active service(s)


PROG04	Fri Jun 06 12:52:48 2025
	Shutting down the server with 1 active connection(s) to 1 database(s), 0 active service(s)


PROG04	Fri Jun 06 12:58:02 2025
	Shutting down the server with 1 active connection(s) to 1 database(s), 0 active service(s)


PROG04	Fri Jun 06 16:10:28 2025
	Shutting down the server with 1 active connection(s) to 1 database(s), 0 active service(s)


PROG04	Fri Jun 06 17:13:59 2025
	Shutting down the server with 1 active connection(s) to 1 database(s), 0 active service(s)


PROG04	Fri Jun 06 17:16:52 2025
	Shutting down the server with 1 active connection(s) to 1 database(s), 0 active service(s)


PROG04	Mon Jun 09 13:47:54 2025
	Shutting down the server with 1 active connection(s) to 1 database(s), 0 active service(s)


PROG04	Mon Jun 09 13:49:10 2025
	Shutting down the server with 1 active connection(s) to 1 database(s), 0 active service(s)


PROG04	Mon Jun 09 13:51:34 2025
	Shutting down the server with 1 active connection(s) to 1 database(s), 0 active service(s)


PROG04	Mon Jun 09 14:10:51 2025
	Shutting down the server with 1 active connection(s) to 1 database(s), 0 active service(s)


PROG04	Mon Jun 09 14:11:40 2025
	Shutting down the server with 1 active connection(s) to 1 database(s), 0 active service(s)


PROG04	Mon Jun 09 14:12:12 2025
	Shutting down the server with 1 active connection(s) to 1 database(s), 0 active service(s)


PROG04	Mon Jun 09 14:15:51 2025
	Shutting down the server with 1 active connection(s) to 1 database(s), 0 active service(s)


PROG04	Mon Jun 09 14:16:05 2025
	Shutting down the server with 1 active connection(s) to 1 database(s), 0 active service(s)


PROG04	Mon Jun 09 15:13:32 2025
	Shutting down the server with 1 active connection(s) to 1 database(s), 0 active service(s)


PROG04	Mon Jun 09 15:14:37 2025
	Shutting down the server with 1 active connection(s) to 1 database(s), 0 active service(s)


PROG04	Mon Jun 09 15:15:21 2025
	Shutting down the server with 1 active connection(s) to 1 database(s), 0 active service(s)


PROG04	Mon Jun 09 15:18:07 2025
	Shutting down the server with 1 active connection(s) to 1 database(s), 0 active service(s)


PROG04	Mon Jun 09 15:19:48 2025
	Shutting down the server with 1 active connection(s) to 1 database(s), 0 active service(s)


PROG04	Mon Jun 09 15:35:37 2025
	Shutting down the server with 1 active connection(s) to 1 database(s), 0 active service(s)


PROG04	Mon Jun 09 15:38:01 2025
	Shutting down the server with 1 active connection(s) to 1 database(s), 0 active service(s)


PROG04	Mon Jun 09 15:40:57 2025
	Shutting down the server with 1 active connection(s) to 1 database(s), 0 active service(s)


PROG04	Mon Jun 09 15:51:00 2025
	Shutting down the server with 1 active connection(s) to 1 database(s), 0 active service(s)


PROG04	Mon Jun 09 15:54:32 2025
	Shutting down the server with 1 active connection(s) to 1 database(s), 0 active service(s)


PROG04	Mon Jun 09 15:57:11 2025
	Shutting down the server with 1 active connection(s) to 1 database(s), 0 active service(s)


PROG04	Mon Jun 09 16:02:24 2025
	Shutting down the server with 1 active connection(s) to 1 database(s), 0 active service(s)


PROG04	Mon Jun 09 16:11:06 2025
	Shutting down the server with 1 active connection(s) to 1 database(s), 0 active service(s)


PROG04	Mon Jun 09 16:13:36 2025
	Shutting down the server with 1 active connection(s) to 1 database(s), 0 active service(s)


PROG04	Mon Jun 09 16:32:56 2025
	Shutting down the server with 1 active connection(s) to 1 database(s), 0 active service(s)


PROG04	Mon Jun 09 17:56:31 2025
	Shutting down the server with 1 active connection(s) to 1 database(s), 0 active service(s)


PROG04	Mon Jun 09 17:57:49 2025
	Shutting down the server with 1 active connection(s) to 1 database(s), 0 active service(s)


PROG04	Mon Jun 09 17:58:13 2025
	Shutting down the server with 1 active connection(s) to 1 database(s), 0 active service(s)


PROG04	Mon Jun 09 17:58:52 2025
	Shutting down the server with 1 active connection(s) to 1 database(s), 0 active service(s)


PROG04	Tue Jun 10 12:51:14 2025
	Shutting down the server with 1 active connection(s) to 1 database(s), 0 active service(s)


PROG04	Tue Jun 10 13:03:25 2025
	Shutting down the server with 1 active connection(s) to 1 database(s), 0 active service(s)


PROG04	Tue Jun 10 13:04:18 2025
	Shutting down the server with 1 active connection(s) to 1 database(s), 0 active service(s)


PROG04	Tue Jun 10 13:04:54 2025
	Shutting down the server with 1 active connection(s) to 1 database(s), 0 active service(s)


PROG04	Tue Jun 10 13:10:50 2025
	Shutting down the server with 1 active connection(s) to 1 database(s), 0 active service(s)


PROG04	Tue Jun 10 13:12:27 2025
	Shutting down the server with 1 active connection(s) to 1 database(s), 0 active service(s)


PROG04	Tue Jun 10 13:13:06 2025
	Shutting down the server with 1 active connection(s) to 1 database(s), 0 active service(s)


PROG04	Tue Jun 10 13:13:42 2025
	Shutting down the server with 1 active connection(s) to 1 database(s), 0 active service(s)


PROG04	Tue Jun 10 17:03:54 2025
	Shutting down the server with 1 active connection(s) to 1 database(s), 0 active service(s)

